<?xml version="1.0" encoding="UTF-8"?>
<!-- Generated by org.testng.reporters.JUnitXMLReporter -->
<testsuite ignored="0" hostname="DESKTOP-ETC3NUR" failures="0" tests="4" name="Test" time="194.835" errors="0" timestamp="2022-05-01T06:44:26 EET">
  <testcase classname="banna.ADD_TO_CART" name="f" time="57.953"/>
  <testcase classname="banna.promo_code" name="f" time="5.603"/>
  <testcase classname="banna.increment_item" name="f" time="11.917"/>
  <testcase classname="banna.Remove_item" name="f" time="12.41"/>
</testsuite> <!-- Test -->
